2021-01-03 07:26:26,076 p=4404 u=root n=ansible | web01 | CHANGED => {
    "changed": true, 
    "stderr": "", 
    "stderr_lines": [], 
    "stdout": "Reading package lists...\nBuilding dependency tree...\nReading state information...\nThe following packages will be REMOVED:\n  git\n0 upgraded, 0 newly installed, 1 to remove and 52 not upgraded.\nAfter this operation, 24.1 MB disk space will be freed.\n(Reading database ... \r(Reading database ... 5%\r(Reading database ... 10%\r(Reading database ... 15%\r(Reading database ... 20%\r(Reading database ... 25%\r(Reading database ... 30%\r(Reading database ... 35%\r(Reading database ... 40%\r(Reading database ... 45%\r(Reading database ... 50%\r(Reading database ... 55%\r(Reading database ... 60%\r(Reading database ... 65%\r(Reading database ... 70%\r(Reading database ... 75%\r(Reading database ... 80%\r(Reading database ... 85%\r(Reading database ... 90%\r(Reading database ... 95%\r(Reading database ... 100%\r(Reading database ... 52254 files and directories currently installed.)\r\nRemoving git (1:2.7.4-0ubuntu1.9) ...\r\n", 
    "stdout_lines": [
        "Reading package lists...", 
        "Building dependency tree...", 
        "Reading state information...", 
        "The following packages will be REMOVED:", 
        "  git", 
        "0 upgraded, 0 newly installed, 1 to remove and 52 not upgraded.", 
        "After this operation, 24.1 MB disk space will be freed.", 
        "(Reading database ... ", 
        "(Reading database ... 5%", 
        "(Reading database ... 10%", 
        "(Reading database ... 15%", 
        "(Reading database ... 20%", 
        "(Reading database ... 25%", 
        "(Reading database ... 30%", 
        "(Reading database ... 35%", 
        "(Reading database ... 40%", 
        "(Reading database ... 45%", 
        "(Reading database ... 50%", 
        "(Reading database ... 55%", 
        "(Reading database ... 60%", 
        "(Reading database ... 65%", 
        "(Reading database ... 70%", 
        "(Reading database ... 75%", 
        "(Reading database ... 80%", 
        "(Reading database ... 85%", 
        "(Reading database ... 90%", 
        "(Reading database ... 95%", 
        "(Reading database ... 100%", 
        "(Reading database ... 52254 files and directories currently installed.)", 
        "Removing git (1:2.7.4-0ubuntu1.9) ..."
    ]
}
2021-01-03 07:26:26,349 p=4404 u=root n=ansible | web02 | CHANGED => {
    "changed": true, 
    "stderr": "", 
    "stderr_lines": [], 
    "stdout": "Reading package lists...\nBuilding dependency tree...\nReading state information...\nThe following packages will be REMOVED:\n  git\n0 upgraded, 0 newly installed, 1 to remove and 52 not upgraded.\nAfter this operation, 24.1 MB disk space will be freed.\n(Reading database ... \r(Reading database ... 5%\r(Reading database ... 10%\r(Reading database ... 15%\r(Reading database ... 20%\r(Reading database ... 25%\r(Reading database ... 30%\r(Reading database ... 35%\r(Reading database ... 40%\r(Reading database ... 45%\r(Reading database ... 50%\r(Reading database ... 55%\r(Reading database ... 60%\r(Reading database ... 65%\r(Reading database ... 70%\r(Reading database ... 75%\r(Reading database ... 80%\r(Reading database ... 85%\r(Reading database ... 90%\r(Reading database ... 95%\r(Reading database ... 100%\r(Reading database ... 52254 files and directories currently installed.)\r\nRemoving git (1:2.7.4-0ubuntu1.9) ...\r\n", 
    "stdout_lines": [
        "Reading package lists...", 
        "Building dependency tree...", 
        "Reading state information...", 
        "The following packages will be REMOVED:", 
        "  git", 
        "0 upgraded, 0 newly installed, 1 to remove and 52 not upgraded.", 
        "After this operation, 24.1 MB disk space will be freed.", 
        "(Reading database ... ", 
        "(Reading database ... 5%", 
        "(Reading database ... 10%", 
        "(Reading database ... 15%", 
        "(Reading database ... 20%", 
        "(Reading database ... 25%", 
        "(Reading database ... 30%", 
        "(Reading database ... 35%", 
        "(Reading database ... 40%", 
        "(Reading database ... 45%", 
        "(Reading database ... 50%", 
        "(Reading database ... 55%", 
        "(Reading database ... 60%", 
        "(Reading database ... 65%", 
        "(Reading database ... 70%", 
        "(Reading database ... 75%", 
        "(Reading database ... 80%", 
        "(Reading database ... 85%", 
        "(Reading database ... 90%", 
        "(Reading database ... 95%", 
        "(Reading database ... 100%", 
        "(Reading database ... 52254 files and directories currently installed.)", 
        "Removing git (1:2.7.4-0ubuntu1.9) ..."
    ]
}
2021-01-03 07:26:26,627 p=4404 u=root n=ansible | app01 | CHANGED => {
    "changed": true, 
    "stderr": "", 
    "stderr_lines": [], 
    "stdout": "Reading package lists...\nBuilding dependency tree...\nReading state information...\nThe following packages will be REMOVED:\n  git\n0 upgraded, 0 newly installed, 1 to remove and 52 not upgraded.\nAfter this operation, 24.1 MB disk space will be freed.\n(Reading database ... \r(Reading database ... 5%\r(Reading database ... 10%\r(Reading database ... 15%\r(Reading database ... 20%\r(Reading database ... 25%\r(Reading database ... 30%\r(Reading database ... 35%\r(Reading database ... 40%\r(Reading database ... 45%\r(Reading database ... 50%\r(Reading database ... 55%\r(Reading database ... 60%\r(Reading database ... 65%\r(Reading database ... 70%\r(Reading database ... 75%\r(Reading database ... 80%\r(Reading database ... 85%\r(Reading database ... 90%\r(Reading database ... 95%\r(Reading database ... 100%\r(Reading database ... 52254 files and directories currently installed.)\r\nRemoving git (1:2.7.4-0ubuntu1.9) ...\r\n", 
    "stdout_lines": [
        "Reading package lists...", 
        "Building dependency tree...", 
        "Reading state information...", 
        "The following packages will be REMOVED:", 
        "  git", 
        "0 upgraded, 0 newly installed, 1 to remove and 52 not upgraded.", 
        "After this operation, 24.1 MB disk space will be freed.", 
        "(Reading database ... ", 
        "(Reading database ... 5%", 
        "(Reading database ... 10%", 
        "(Reading database ... 15%", 
        "(Reading database ... 20%", 
        "(Reading database ... 25%", 
        "(Reading database ... 30%", 
        "(Reading database ... 35%", 
        "(Reading database ... 40%", 
        "(Reading database ... 45%", 
        "(Reading database ... 50%", 
        "(Reading database ... 55%", 
        "(Reading database ... 60%", 
        "(Reading database ... 65%", 
        "(Reading database ... 70%", 
        "(Reading database ... 75%", 
        "(Reading database ... 80%", 
        "(Reading database ... 85%", 
        "(Reading database ... 90%", 
        "(Reading database ... 95%", 
        "(Reading database ... 100%", 
        "(Reading database ... 52254 files and directories currently installed.)", 
        "Removing git (1:2.7.4-0ubuntu1.9) ..."
    ]
}
2021-01-03 07:26:26,847 p=4404 u=root n=ansible | app02 | CHANGED => {
    "changed": true, 
    "stderr": "", 
    "stderr_lines": [], 
    "stdout": "Reading package lists...\nBuilding dependency tree...\nReading state information...\nThe following packages will be REMOVED:\n  git\n0 upgraded, 0 newly installed, 1 to remove and 52 not upgraded.\nAfter this operation, 24.1 MB disk space will be freed.\n(Reading database ... \r(Reading database ... 5%\r(Reading database ... 10%\r(Reading database ... 15%\r(Reading database ... 20%\r(Reading database ... 25%\r(Reading database ... 30%\r(Reading database ... 35%\r(Reading database ... 40%\r(Reading database ... 45%\r(Reading database ... 50%\r(Reading database ... 55%\r(Reading database ... 60%\r(Reading database ... 65%\r(Reading database ... 70%\r(Reading database ... 75%\r(Reading database ... 80%\r(Reading database ... 85%\r(Reading database ... 90%\r(Reading database ... 95%\r(Reading database ... 100%\r(Reading database ... 52254 files and directories currently installed.)\r\nRemoving git (1:2.7.4-0ubuntu1.9) ...\r\n", 
    "stdout_lines": [
        "Reading package lists...", 
        "Building dependency tree...", 
        "Reading state information...", 
        "The following packages will be REMOVED:", 
        "  git", 
        "0 upgraded, 0 newly installed, 1 to remove and 52 not upgraded.", 
        "After this operation, 24.1 MB disk space will be freed.", 
        "(Reading database ... ", 
        "(Reading database ... 5%", 
        "(Reading database ... 10%", 
        "(Reading database ... 15%", 
        "(Reading database ... 20%", 
        "(Reading database ... 25%", 
        "(Reading database ... 30%", 
        "(Reading database ... 35%", 
        "(Reading database ... 40%", 
        "(Reading database ... 45%", 
        "(Reading database ... 50%", 
        "(Reading database ... 55%", 
        "(Reading database ... 60%", 
        "(Reading database ... 65%", 
        "(Reading database ... 70%", 
        "(Reading database ... 75%", 
        "(Reading database ... 80%", 
        "(Reading database ... 85%", 
        "(Reading database ... 90%", 
        "(Reading database ... 95%", 
        "(Reading database ... 100%", 
        "(Reading database ... 52254 files and directories currently installed.)", 
        "Removing git (1:2.7.4-0ubuntu1.9) ..."
    ]
}
2021-01-03 07:26:26,935 p=4404 u=root n=ansible | rmq01 | CHANGED => {
    "changed": true, 
    "stderr": "", 
    "stderr_lines": [], 
    "stdout": "Reading package lists...\nBuilding dependency tree...\nReading state information...\nThe following packages will be REMOVED:\n  git\n0 upgraded, 0 newly installed, 1 to remove and 52 not upgraded.\nAfter this operation, 24.1 MB disk space will be freed.\n(Reading database ... \r(Reading database ... 5%\r(Reading database ... 10%\r(Reading database ... 15%\r(Reading database ... 20%\r(Reading database ... 25%\r(Reading database ... 30%\r(Reading database ... 35%\r(Reading database ... 40%\r(Reading database ... 45%\r(Reading database ... 50%\r(Reading database ... 55%\r(Reading database ... 60%\r(Reading database ... 65%\r(Reading database ... 70%\r(Reading database ... 75%\r(Reading database ... 80%\r(Reading database ... 85%\r(Reading database ... 90%\r(Reading database ... 95%\r(Reading database ... 100%\r(Reading database ... 52254 files and directories currently installed.)\r\nRemoving git (1:2.7.4-0ubuntu1.9) ...\r\n", 
    "stdout_lines": [
        "Reading package lists...", 
        "Building dependency tree...", 
        "Reading state information...", 
        "The following packages will be REMOVED:", 
        "  git", 
        "0 upgraded, 0 newly installed, 1 to remove and 52 not upgraded.", 
        "After this operation, 24.1 MB disk space will be freed.", 
        "(Reading database ... ", 
        "(Reading database ... 5%", 
        "(Reading database ... 10%", 
        "(Reading database ... 15%", 
        "(Reading database ... 20%", 
        "(Reading database ... 25%", 
        "(Reading database ... 30%", 
        "(Reading database ... 35%", 
        "(Reading database ... 40%", 
        "(Reading database ... 45%", 
        "(Reading database ... 50%", 
        "(Reading database ... 55%", 
        "(Reading database ... 60%", 
        "(Reading database ... 65%", 
        "(Reading database ... 70%", 
        "(Reading database ... 75%", 
        "(Reading database ... 80%", 
        "(Reading database ... 85%", 
        "(Reading database ... 90%", 
        "(Reading database ... 95%", 
        "(Reading database ... 100%", 
        "(Reading database ... 52254 files and directories currently installed.)", 
        "Removing git (1:2.7.4-0ubuntu1.9) ..."
    ]
}
2021-01-03 07:26:29,127 p=4404 u=root n=ansible | mc01 | CHANGED => {
    "changed": true, 
    "stderr": "", 
    "stderr_lines": [], 
    "stdout": "Reading package lists...\nBuilding dependency tree...\nReading state information...\nThe following packages will be REMOVED:\n  git\n0 upgraded, 0 newly installed, 1 to remove and 52 not upgraded.\nAfter this operation, 24.1 MB disk space will be freed.\n(Reading database ... \r(Reading database ... 5%\r(Reading database ... 10%\r(Reading database ... 15%\r(Reading database ... 20%\r(Reading database ... 25%\r(Reading database ... 30%\r(Reading database ... 35%\r(Reading database ... 40%\r(Reading database ... 45%\r(Reading database ... 50%\r(Reading database ... 55%\r(Reading database ... 60%\r(Reading database ... 65%\r(Reading database ... 70%\r(Reading database ... 75%\r(Reading database ... 80%\r(Reading database ... 85%\r(Reading database ... 90%\r(Reading database ... 95%\r(Reading database ... 100%\r(Reading database ... 52254 files and directories currently installed.)\r\nRemoving git (1:2.7.4-0ubuntu1.9) ...\r\n", 
    "stdout_lines": [
        "Reading package lists...", 
        "Building dependency tree...", 
        "Reading state information...", 
        "The following packages will be REMOVED:", 
        "  git", 
        "0 upgraded, 0 newly installed, 1 to remove and 52 not upgraded.", 
        "After this operation, 24.1 MB disk space will be freed.", 
        "(Reading database ... ", 
        "(Reading database ... 5%", 
        "(Reading database ... 10%", 
        "(Reading database ... 15%", 
        "(Reading database ... 20%", 
        "(Reading database ... 25%", 
        "(Reading database ... 30%", 
        "(Reading database ... 35%", 
        "(Reading database ... 40%", 
        "(Reading database ... 45%", 
        "(Reading database ... 50%", 
        "(Reading database ... 55%", 
        "(Reading database ... 60%", 
        "(Reading database ... 65%", 
        "(Reading database ... 70%", 
        "(Reading database ... 75%", 
        "(Reading database ... 80%", 
        "(Reading database ... 85%", 
        "(Reading database ... 90%", 
        "(Reading database ... 95%", 
        "(Reading database ... 100%", 
        "(Reading database ... 52254 files and directories currently installed.)", 
        "Removing git (1:2.7.4-0ubuntu1.9) ..."
    ]
}
2021-01-03 07:26:30,730 p=4404 u=root n=ansible | db01 | CHANGED => {
    "changed": true, 
    "stderr": "", 
    "stderr_lines": [], 
    "stdout": "Reading package lists...\nBuilding dependency tree...\nReading state information...\nThe following packages will be REMOVED:\n  git\n0 upgraded, 0 newly installed, 1 to remove and 52 not upgraded.\nAfter this operation, 24.1 MB disk space will be freed.\n(Reading database ... \r(Reading database ... 5%\r(Reading database ... 10%\r(Reading database ... 15%\r(Reading database ... 20%\r(Reading database ... 25%\r(Reading database ... 30%\r(Reading database ... 35%\r(Reading database ... 40%\r(Reading database ... 45%\r(Reading database ... 50%\r(Reading database ... 55%\r(Reading database ... 60%\r(Reading database ... 65%\r(Reading database ... 70%\r(Reading database ... 75%\r(Reading database ... 80%\r(Reading database ... 85%\r(Reading database ... 90%\r(Reading database ... 95%\r(Reading database ... 100%\r(Reading database ... 52254 files and directories currently installed.)\r\nRemoving git (1:2.7.4-0ubuntu1.9) ...\r\n", 
    "stdout_lines": [
        "Reading package lists...", 
        "Building dependency tree...", 
        "Reading state information...", 
        "The following packages will be REMOVED:", 
        "  git", 
        "0 upgraded, 0 newly installed, 1 to remove and 52 not upgraded.", 
        "After this operation, 24.1 MB disk space will be freed.", 
        "(Reading database ... ", 
        "(Reading database ... 5%", 
        "(Reading database ... 10%", 
        "(Reading database ... 15%", 
        "(Reading database ... 20%", 
        "(Reading database ... 25%", 
        "(Reading database ... 30%", 
        "(Reading database ... 35%", 
        "(Reading database ... 40%", 
        "(Reading database ... 45%", 
        "(Reading database ... 50%", 
        "(Reading database ... 55%", 
        "(Reading database ... 60%", 
        "(Reading database ... 65%", 
        "(Reading database ... 70%", 
        "(Reading database ... 75%", 
        "(Reading database ... 80%", 
        "(Reading database ... 85%", 
        "(Reading database ... 90%", 
        "(Reading database ... 95%", 
        "(Reading database ... 100%", 
        "(Reading database ... 52254 files and directories currently installed.)", 
        "Removing git (1:2.7.4-0ubuntu1.9) ..."
    ]
}
2021-01-03 07:27:01,196 p=4504 u=root n=ansible | web01 | CHANGED => {
    "cache_update_time": 1609658818, 
    "cache_updated": true, 
    "changed": true, 
    "stderr": "", 
    "stderr_lines": [], 
    "stdout": "Reading package lists...\nBuilding dependency tree...\nReading state information...\nSuggested packages:\n  git-daemon-run | git-daemon-sysvinit git-doc git-el git-email git-gui gitk\n  gitweb git-arch git-cvs git-mediawiki git-svn\nThe following NEW packages will be installed:\n  git\n0 upgraded, 1 newly installed, 0 to remove and 52 not upgraded.\nNeed to get 0 B/3176 kB of archives.\nAfter this operation, 24.1 MB of additional disk space will be used.\nSelecting previously unselected package git.\r\n(Reading database ... \r(Reading database ... 5%\r(Reading database ... 10%\r(Reading database ... 15%\r(Reading database ... 20%\r(Reading database ... 25%\r(Reading database ... 30%\r(Reading database ... 35%\r(Reading database ... 40%\r(Reading database ... 45%\r(Reading database ... 50%\r(Reading database ... 55%\r(Reading database ... 60%\r(Reading database ... 65%\r(Reading database ... 70%\r(Reading database ... 75%\r(Reading database ... 80%\r(Reading database ... 85%\r(Reading database ... 90%\r(Reading database ... 95%\r(Reading database ... 100%\r(Reading database ... 51615 files and directories currently installed.)\r\nPreparing to unpack .../git_1%3a2.7.4-0ubuntu1.9_amd64.deb ...\r\nUnpacking git (1:2.7.4-0ubuntu1.9) ...\r\nSetting up git (1:2.7.4-0ubuntu1.9) ...\r\n", 
    "stdout_lines": [
        "Reading package lists...", 
        "Building dependency tree...", 
        "Reading state information...", 
        "Suggested packages:", 
        "  git-daemon-run | git-daemon-sysvinit git-doc git-el git-email git-gui gitk", 
        "  gitweb git-arch git-cvs git-mediawiki git-svn", 
        "The following NEW packages will be installed:", 
        "  git", 
        "0 upgraded, 1 newly installed, 0 to remove and 52 not upgraded.", 
        "Need to get 0 B/3176 kB of archives.", 
        "After this operation, 24.1 MB of additional disk space will be used.", 
        "Selecting previously unselected package git.", 
        "(Reading database ... ", 
        "(Reading database ... 5%", 
        "(Reading database ... 10%", 
        "(Reading database ... 15%", 
        "(Reading database ... 20%", 
        "(Reading database ... 25%", 
        "(Reading database ... 30%", 
        "(Reading database ... 35%", 
        "(Reading database ... 40%", 
        "(Reading database ... 45%", 
        "(Reading database ... 50%", 
        "(Reading database ... 55%", 
        "(Reading database ... 60%", 
        "(Reading database ... 65%", 
        "(Reading database ... 70%", 
        "(Reading database ... 75%", 
        "(Reading database ... 80%", 
        "(Reading database ... 85%", 
        "(Reading database ... 90%", 
        "(Reading database ... 95%", 
        "(Reading database ... 100%", 
        "(Reading database ... 51615 files and directories currently installed.)", 
        "Preparing to unpack .../git_1%3a2.7.4-0ubuntu1.9_amd64.deb ...", 
        "Unpacking git (1:2.7.4-0ubuntu1.9) ...", 
        "Setting up git (1:2.7.4-0ubuntu1.9) ..."
    ]
}
2021-01-03 07:27:01,413 p=4504 u=root n=ansible | web02 | CHANGED => {
    "cache_update_time": 1609658818, 
    "cache_updated": true, 
    "changed": true, 
    "stderr": "", 
    "stderr_lines": [], 
    "stdout": "Reading package lists...\nBuilding dependency tree...\nReading state information...\nSuggested packages:\n  git-daemon-run | git-daemon-sysvinit git-doc git-el git-email git-gui gitk\n  gitweb git-arch git-cvs git-mediawiki git-svn\nThe following NEW packages will be installed:\n  git\n0 upgraded, 1 newly installed, 0 to remove and 52 not upgraded.\nNeed to get 0 B/3176 kB of archives.\nAfter this operation, 24.1 MB of additional disk space will be used.\nSelecting previously unselected package git.\r\n(Reading database ... \r(Reading database ... 5%\r(Reading database ... 10%\r(Reading database ... 15%\r(Reading database ... 20%\r(Reading database ... 25%\r(Reading database ... 30%\r(Reading database ... 35%\r(Reading database ... 40%\r(Reading database ... 45%\r(Reading database ... 50%\r(Reading database ... 55%\r(Reading database ... 60%\r(Reading database ... 65%\r(Reading database ... 70%\r(Reading database ... 75%\r(Reading database ... 80%\r(Reading database ... 85%\r(Reading database ... 90%\r(Reading database ... 95%\r(Reading database ... 100%\r(Reading database ... 51615 files and directories currently installed.)\r\nPreparing to unpack .../git_1%3a2.7.4-0ubuntu1.9_amd64.deb ...\r\nUnpacking git (1:2.7.4-0ubuntu1.9) ...\r\nSetting up git (1:2.7.4-0ubuntu1.9) ...\r\n", 
    "stdout_lines": [
        "Reading package lists...", 
        "Building dependency tree...", 
        "Reading state information...", 
        "Suggested packages:", 
        "  git-daemon-run | git-daemon-sysvinit git-doc git-el git-email git-gui gitk", 
        "  gitweb git-arch git-cvs git-mediawiki git-svn", 
        "The following NEW packages will be installed:", 
        "  git", 
        "0 upgraded, 1 newly installed, 0 to remove and 52 not upgraded.", 
        "Need to get 0 B/3176 kB of archives.", 
        "After this operation, 24.1 MB of additional disk space will be used.", 
        "Selecting previously unselected package git.", 
        "(Reading database ... ", 
        "(Reading database ... 5%", 
        "(Reading database ... 10%", 
        "(Reading database ... 15%", 
        "(Reading database ... 20%", 
        "(Reading database ... 25%", 
        "(Reading database ... 30%", 
        "(Reading database ... 35%", 
        "(Reading database ... 40%", 
        "(Reading database ... 45%", 
        "(Reading database ... 50%", 
        "(Reading database ... 55%", 
        "(Reading database ... 60%", 
        "(Reading database ... 65%", 
        "(Reading database ... 70%", 
        "(Reading database ... 75%", 
        "(Reading database ... 80%", 
        "(Reading database ... 85%", 
        "(Reading database ... 90%", 
        "(Reading database ... 95%", 
        "(Reading database ... 100%", 
        "(Reading database ... 51615 files and directories currently installed.)", 
        "Preparing to unpack .../git_1%3a2.7.4-0ubuntu1.9_amd64.deb ...", 
        "Unpacking git (1:2.7.4-0ubuntu1.9) ...", 
        "Setting up git (1:2.7.4-0ubuntu1.9) ..."
    ]
}
2021-01-03 07:27:01,670 p=4504 u=root n=ansible | app02 | CHANGED => {
    "cache_update_time": 1609658818, 
    "cache_updated": true, 
    "changed": true, 
    "stderr": "", 
    "stderr_lines": [], 
    "stdout": "Reading package lists...\nBuilding dependency tree...\nReading state information...\nSuggested packages:\n  git-daemon-run | git-daemon-sysvinit git-doc git-el git-email git-gui gitk\n  gitweb git-arch git-cvs git-mediawiki git-svn\nThe following NEW packages will be installed:\n  git\n0 upgraded, 1 newly installed, 0 to remove and 52 not upgraded.\nNeed to get 0 B/3176 kB of archives.\nAfter this operation, 24.1 MB of additional disk space will be used.\nSelecting previously unselected package git.\r\n(Reading database ... \r(Reading database ... 5%\r(Reading database ... 10%\r(Reading database ... 15%\r(Reading database ... 20%\r(Reading database ... 25%\r(Reading database ... 30%\r(Reading database ... 35%\r(Reading database ... 40%\r(Reading database ... 45%\r(Reading database ... 50%\r(Reading database ... 55%\r(Reading database ... 60%\r(Reading database ... 65%\r(Reading database ... 70%\r(Reading database ... 75%\r(Reading database ... 80%\r(Reading database ... 85%\r(Reading database ... 90%\r(Reading database ... 95%\r(Reading database ... 100%\r(Reading database ... 51615 files and directories currently installed.)\r\nPreparing to unpack .../git_1%3a2.7.4-0ubuntu1.9_amd64.deb ...\r\nUnpacking git (1:2.7.4-0ubuntu1.9) ...\r\nSetting up git (1:2.7.4-0ubuntu1.9) ...\r\n", 
    "stdout_lines": [
        "Reading package lists...", 
        "Building dependency tree...", 
        "Reading state information...", 
        "Suggested packages:", 
        "  git-daemon-run | git-daemon-sysvinit git-doc git-el git-email git-gui gitk", 
        "  gitweb git-arch git-cvs git-mediawiki git-svn", 
        "The following NEW packages will be installed:", 
        "  git", 
        "0 upgraded, 1 newly installed, 0 to remove and 52 not upgraded.", 
        "Need to get 0 B/3176 kB of archives.", 
        "After this operation, 24.1 MB of additional disk space will be used.", 
        "Selecting previously unselected package git.", 
        "(Reading database ... ", 
        "(Reading database ... 5%", 
        "(Reading database ... 10%", 
        "(Reading database ... 15%", 
        "(Reading database ... 20%", 
        "(Reading database ... 25%", 
        "(Reading database ... 30%", 
        "(Reading database ... 35%", 
        "(Reading database ... 40%", 
        "(Reading database ... 45%", 
        "(Reading database ... 50%", 
        "(Reading database ... 55%", 
        "(Reading database ... 60%", 
        "(Reading database ... 65%", 
        "(Reading database ... 70%", 
        "(Reading database ... 75%", 
        "(Reading database ... 80%", 
        "(Reading database ... 85%", 
        "(Reading database ... 90%", 
        "(Reading database ... 95%", 
        "(Reading database ... 100%", 
        "(Reading database ... 51615 files and directories currently installed.)", 
        "Preparing to unpack .../git_1%3a2.7.4-0ubuntu1.9_amd64.deb ...", 
        "Unpacking git (1:2.7.4-0ubuntu1.9) ...", 
        "Setting up git (1:2.7.4-0ubuntu1.9) ..."
    ]
}
2021-01-03 07:27:01,712 p=4504 u=root n=ansible | app01 | CHANGED => {
    "cache_update_time": 1609658818, 
    "cache_updated": true, 
    "changed": true, 
    "stderr": "", 
    "stderr_lines": [], 
    "stdout": "Reading package lists...\nBuilding dependency tree...\nReading state information...\nSuggested packages:\n  git-daemon-run | git-daemon-sysvinit git-doc git-el git-email git-gui gitk\n  gitweb git-arch git-cvs git-mediawiki git-svn\nThe following NEW packages will be installed:\n  git\n0 upgraded, 1 newly installed, 0 to remove and 52 not upgraded.\nNeed to get 0 B/3176 kB of archives.\nAfter this operation, 24.1 MB of additional disk space will be used.\nSelecting previously unselected package git.\r\n(Reading database ... \r(Reading database ... 5%\r(Reading database ... 10%\r(Reading database ... 15%\r(Reading database ... 20%\r(Reading database ... 25%\r(Reading database ... 30%\r(Reading database ... 35%\r(Reading database ... 40%\r(Reading database ... 45%\r(Reading database ... 50%\r(Reading database ... 55%\r(Reading database ... 60%\r(Reading database ... 65%\r(Reading database ... 70%\r(Reading database ... 75%\r(Reading database ... 80%\r(Reading database ... 85%\r(Reading database ... 90%\r(Reading database ... 95%\r(Reading database ... 100%\r(Reading database ... 51615 files and directories currently installed.)\r\nPreparing to unpack .../git_1%3a2.7.4-0ubuntu1.9_amd64.deb ...\r\nUnpacking git (1:2.7.4-0ubuntu1.9) ...\r\nSetting up git (1:2.7.4-0ubuntu1.9) ...\r\n", 
    "stdout_lines": [
        "Reading package lists...", 
        "Building dependency tree...", 
        "Reading state information...", 
        "Suggested packages:", 
        "  git-daemon-run | git-daemon-sysvinit git-doc git-el git-email git-gui gitk", 
        "  gitweb git-arch git-cvs git-mediawiki git-svn", 
        "The following NEW packages will be installed:", 
        "  git", 
        "0 upgraded, 1 newly installed, 0 to remove and 52 not upgraded.", 
        "Need to get 0 B/3176 kB of archives.", 
        "After this operation, 24.1 MB of additional disk space will be used.", 
        "Selecting previously unselected package git.", 
        "(Reading database ... ", 
        "(Reading database ... 5%", 
        "(Reading database ... 10%", 
        "(Reading database ... 15%", 
        "(Reading database ... 20%", 
        "(Reading database ... 25%", 
        "(Reading database ... 30%", 
        "(Reading database ... 35%", 
        "(Reading database ... 40%", 
        "(Reading database ... 45%", 
        "(Reading database ... 50%", 
        "(Reading database ... 55%", 
        "(Reading database ... 60%", 
        "(Reading database ... 65%", 
        "(Reading database ... 70%", 
        "(Reading database ... 75%", 
        "(Reading database ... 80%", 
        "(Reading database ... 85%", 
        "(Reading database ... 90%", 
        "(Reading database ... 95%", 
        "(Reading database ... 100%", 
        "(Reading database ... 51615 files and directories currently installed.)", 
        "Preparing to unpack .../git_1%3a2.7.4-0ubuntu1.9_amd64.deb ...", 
        "Unpacking git (1:2.7.4-0ubuntu1.9) ...", 
        "Setting up git (1:2.7.4-0ubuntu1.9) ..."
    ]
}
2021-01-03 07:27:02,444 p=4504 u=root n=ansible | rmq01 | CHANGED => {
    "cache_update_time": 1609658818, 
    "cache_updated": true, 
    "changed": true, 
    "stderr": "", 
    "stderr_lines": [], 
    "stdout": "Reading package lists...\nBuilding dependency tree...\nReading state information...\nSuggested packages:\n  git-daemon-run | git-daemon-sysvinit git-doc git-el git-email git-gui gitk\n  gitweb git-arch git-cvs git-mediawiki git-svn\nThe following NEW packages will be installed:\n  git\n0 upgraded, 1 newly installed, 0 to remove and 52 not upgraded.\nNeed to get 0 B/3176 kB of archives.\nAfter this operation, 24.1 MB of additional disk space will be used.\nSelecting previously unselected package git.\r\n(Reading database ... \r(Reading database ... 5%\r(Reading database ... 10%\r(Reading database ... 15%\r(Reading database ... 20%\r(Reading database ... 25%\r(Reading database ... 30%\r(Reading database ... 35%\r(Reading database ... 40%\r(Reading database ... 45%\r(Reading database ... 50%\r(Reading database ... 55%\r(Reading database ... 60%\r(Reading database ... 65%\r(Reading database ... 70%\r(Reading database ... 75%\r(Reading database ... 80%\r(Reading database ... 85%\r(Reading database ... 90%\r(Reading database ... 95%\r(Reading database ... 100%\r(Reading database ... 51615 files and directories currently installed.)\r\nPreparing to unpack .../git_1%3a2.7.4-0ubuntu1.9_amd64.deb ...\r\nUnpacking git (1:2.7.4-0ubuntu1.9) ...\r\nSetting up git (1:2.7.4-0ubuntu1.9) ...\r\n", 
    "stdout_lines": [
        "Reading package lists...", 
        "Building dependency tree...", 
        "Reading state information...", 
        "Suggested packages:", 
        "  git-daemon-run | git-daemon-sysvinit git-doc git-el git-email git-gui gitk", 
        "  gitweb git-arch git-cvs git-mediawiki git-svn", 
        "The following NEW packages will be installed:", 
        "  git", 
        "0 upgraded, 1 newly installed, 0 to remove and 52 not upgraded.", 
        "Need to get 0 B/3176 kB of archives.", 
        "After this operation, 24.1 MB of additional disk space will be used.", 
        "Selecting previously unselected package git.", 
        "(Reading database ... ", 
        "(Reading database ... 5%", 
        "(Reading database ... 10%", 
        "(Reading database ... 15%", 
        "(Reading database ... 20%", 
        "(Reading database ... 25%", 
        "(Reading database ... 30%", 
        "(Reading database ... 35%", 
        "(Reading database ... 40%", 
        "(Reading database ... 45%", 
        "(Reading database ... 50%", 
        "(Reading database ... 55%", 
        "(Reading database ... 60%", 
        "(Reading database ... 65%", 
        "(Reading database ... 70%", 
        "(Reading database ... 75%", 
        "(Reading database ... 80%", 
        "(Reading database ... 85%", 
        "(Reading database ... 90%", 
        "(Reading database ... 95%", 
        "(Reading database ... 100%", 
        "(Reading database ... 51615 files and directories currently installed.)", 
        "Preparing to unpack .../git_1%3a2.7.4-0ubuntu1.9_amd64.deb ...", 
        "Unpacking git (1:2.7.4-0ubuntu1.9) ...", 
        "Setting up git (1:2.7.4-0ubuntu1.9) ..."
    ]
}
2021-01-03 07:27:05,098 p=4504 u=root n=ansible | mc01 | CHANGED => {
    "cache_update_time": 1609658822, 
    "cache_updated": true, 
    "changed": true, 
    "stderr": "", 
    "stderr_lines": [], 
    "stdout": "Reading package lists...\nBuilding dependency tree...\nReading state information...\nSuggested packages:\n  git-daemon-run | git-daemon-sysvinit git-doc git-el git-email git-gui gitk\n  gitweb git-arch git-cvs git-mediawiki git-svn\nThe following NEW packages will be installed:\n  git\n0 upgraded, 1 newly installed, 0 to remove and 52 not upgraded.\nNeed to get 0 B/3176 kB of archives.\nAfter this operation, 24.1 MB of additional disk space will be used.\nSelecting previously unselected package git.\r\n(Reading database ... \r(Reading database ... 5%\r(Reading database ... 10%\r(Reading database ... 15%\r(Reading database ... 20%\r(Reading database ... 25%\r(Reading database ... 30%\r(Reading database ... 35%\r(Reading database ... 40%\r(Reading database ... 45%\r(Reading database ... 50%\r(Reading database ... 55%\r(Reading database ... 60%\r(Reading database ... 65%\r(Reading database ... 70%\r(Reading database ... 75%\r(Reading database ... 80%\r(Reading database ... 85%\r(Reading database ... 90%\r(Reading database ... 95%\r(Reading database ... 100%\r(Reading database ... 51615 files and directories currently installed.)\r\nPreparing to unpack .../git_1%3a2.7.4-0ubuntu1.9_amd64.deb ...\r\nUnpacking git (1:2.7.4-0ubuntu1.9) ...\r\nSetting up git (1:2.7.4-0ubuntu1.9) ...\r\n", 
    "stdout_lines": [
        "Reading package lists...", 
        "Building dependency tree...", 
        "Reading state information...", 
        "Suggested packages:", 
        "  git-daemon-run | git-daemon-sysvinit git-doc git-el git-email git-gui gitk", 
        "  gitweb git-arch git-cvs git-mediawiki git-svn", 
        "The following NEW packages will be installed:", 
        "  git", 
        "0 upgraded, 1 newly installed, 0 to remove and 52 not upgraded.", 
        "Need to get 0 B/3176 kB of archives.", 
        "After this operation, 24.1 MB of additional disk space will be used.", 
        "Selecting previously unselected package git.", 
        "(Reading database ... ", 
        "(Reading database ... 5%", 
        "(Reading database ... 10%", 
        "(Reading database ... 15%", 
        "(Reading database ... 20%", 
        "(Reading database ... 25%", 
        "(Reading database ... 30%", 
        "(Reading database ... 35%", 
        "(Reading database ... 40%", 
        "(Reading database ... 45%", 
        "(Reading database ... 50%", 
        "(Reading database ... 55%", 
        "(Reading database ... 60%", 
        "(Reading database ... 65%", 
        "(Reading database ... 70%", 
        "(Reading database ... 75%", 
        "(Reading database ... 80%", 
        "(Reading database ... 85%", 
        "(Reading database ... 90%", 
        "(Reading database ... 95%", 
        "(Reading database ... 100%", 
        "(Reading database ... 51615 files and directories currently installed.)", 
        "Preparing to unpack .../git_1%3a2.7.4-0ubuntu1.9_amd64.deb ...", 
        "Unpacking git (1:2.7.4-0ubuntu1.9) ...", 
        "Setting up git (1:2.7.4-0ubuntu1.9) ..."
    ]
}
2021-01-03 07:27:05,110 p=4504 u=root n=ansible | db01 | CHANGED => {
    "cache_update_time": 1609658822, 
    "cache_updated": true, 
    "changed": true, 
    "stderr": "", 
    "stderr_lines": [], 
    "stdout": "Reading package lists...\nBuilding dependency tree...\nReading state information...\nSuggested packages:\n  git-daemon-run | git-daemon-sysvinit git-doc git-el git-email git-gui gitk\n  gitweb git-arch git-cvs git-mediawiki git-svn\nThe following NEW packages will be installed:\n  git\n0 upgraded, 1 newly installed, 0 to remove and 52 not upgraded.\nNeed to get 0 B/3176 kB of archives.\nAfter this operation, 24.1 MB of additional disk space will be used.\nSelecting previously unselected package git.\r\n(Reading database ... \r(Reading database ... 5%\r(Reading database ... 10%\r(Reading database ... 15%\r(Reading database ... 20%\r(Reading database ... 25%\r(Reading database ... 30%\r(Reading database ... 35%\r(Reading database ... 40%\r(Reading database ... 45%\r(Reading database ... 50%\r(Reading database ... 55%\r(Reading database ... 60%\r(Reading database ... 65%\r(Reading database ... 70%\r(Reading database ... 75%\r(Reading database ... 80%\r(Reading database ... 85%\r(Reading database ... 90%\r(Reading database ... 95%\r(Reading database ... 100%\r(Reading database ... 51615 files and directories currently installed.)\r\nPreparing to unpack .../git_1%3a2.7.4-0ubuntu1.9_amd64.deb ...\r\nUnpacking git (1:2.7.4-0ubuntu1.9) ...\r\nSetting up git (1:2.7.4-0ubuntu1.9) ...\r\n", 
    "stdout_lines": [
        "Reading package lists...", 
        "Building dependency tree...", 
        "Reading state information...", 
        "Suggested packages:", 
        "  git-daemon-run | git-daemon-sysvinit git-doc git-el git-email git-gui gitk", 
        "  gitweb git-arch git-cvs git-mediawiki git-svn", 
        "The following NEW packages will be installed:", 
        "  git", 
        "0 upgraded, 1 newly installed, 0 to remove and 52 not upgraded.", 
        "Need to get 0 B/3176 kB of archives.", 
        "After this operation, 24.1 MB of additional disk space will be used.", 
        "Selecting previously unselected package git.", 
        "(Reading database ... ", 
        "(Reading database ... 5%", 
        "(Reading database ... 10%", 
        "(Reading database ... 15%", 
        "(Reading database ... 20%", 
        "(Reading database ... 25%", 
        "(Reading database ... 30%", 
        "(Reading database ... 35%", 
        "(Reading database ... 40%", 
        "(Reading database ... 45%", 
        "(Reading database ... 50%", 
        "(Reading database ... 55%", 
        "(Reading database ... 60%", 
        "(Reading database ... 65%", 
        "(Reading database ... 70%", 
        "(Reading database ... 75%", 
        "(Reading database ... 80%", 
        "(Reading database ... 85%", 
        "(Reading database ... 90%", 
        "(Reading database ... 95%", 
        "(Reading database ... 100%", 
        "(Reading database ... 51615 files and directories currently installed.)", 
        "Preparing to unpack .../git_1%3a2.7.4-0ubuntu1.9_amd64.deb ...", 
        "Unpacking git (1:2.7.4-0ubuntu1.9) ...", 
        "Setting up git (1:2.7.4-0ubuntu1.9) ..."
    ]
}
2021-01-03 07:37:29,027 p=4727 u=root n=ansible | playbook: set_host_ip_map.yml
2021-01-03 07:37:37,540 p=4733 u=root n=ansible | PLAY [set host ip to mapping in /etc/hosts file of the all instances in the stack] ***************************************************
2021-01-03 07:37:37,549 p=4733 u=root n=ansible | TASK [Gathering Facts] ***************************************************************************************************************
2021-01-03 07:37:39,754 p=4733 u=root n=ansible | ok: [web01]
2021-01-03 07:37:39,920 p=4733 u=root n=ansible | ok: [web02]
2021-01-03 07:37:39,942 p=4733 u=root n=ansible | ok: [app01]
2021-01-03 07:37:39,965 p=4733 u=root n=ansible | ok: [rmq01]
2021-01-03 07:37:39,971 p=4733 u=root n=ansible | ok: [app02]
2021-01-03 07:37:41,119 p=4733 u=root n=ansible | ok: [mc01]
2021-01-03 07:37:41,201 p=4733 u=root n=ansible | ok: [db01]
2021-01-03 07:37:41,223 p=4733 u=root n=ansible | TASK [Update hosts file] *************************************************************************************************************
2021-01-03 07:37:42,169 p=4733 u=root n=ansible | changed: [web01]
2021-01-03 07:37:42,212 p=4733 u=root n=ansible | changed: [rmq01]
2021-01-03 07:37:42,217 p=4733 u=root n=ansible | changed: [web02]
2021-01-03 07:37:42,219 p=4733 u=root n=ansible | changed: [app01]
2021-01-03 07:37:42,219 p=4733 u=root n=ansible | changed: [app02]
2021-01-03 07:37:42,526 p=4733 u=root n=ansible | changed: [mc01]
2021-01-03 07:37:42,546 p=4733 u=root n=ansible | changed: [db01]
2021-01-03 07:37:42,550 p=4733 u=root n=ansible | PLAY RECAP ***************************************************************************************************************************
2021-01-03 07:37:42,550 p=4733 u=root n=ansible | app01                      : ok=2    changed=1    unreachable=0    failed=0    skipped=0    rescued=0    ignored=0   
2021-01-03 07:37:42,550 p=4733 u=root n=ansible | app02                      : ok=2    changed=1    unreachable=0    failed=0    skipped=0    rescued=0    ignored=0   
2021-01-03 07:37:42,550 p=4733 u=root n=ansible | db01                       : ok=2    changed=1    unreachable=0    failed=0    skipped=0    rescued=0    ignored=0   
2021-01-03 07:37:42,551 p=4733 u=root n=ansible | mc01                       : ok=2    changed=1    unreachable=0    failed=0    skipped=0    rescued=0    ignored=0   
2021-01-03 07:37:42,551 p=4733 u=root n=ansible | rmq01                      : ok=2    changed=1    unreachable=0    failed=0    skipped=0    rescued=0    ignored=0   
2021-01-03 07:37:42,551 p=4733 u=root n=ansible | web01                      : ok=2    changed=1    unreachable=0    failed=0    skipped=0    rescued=0    ignored=0   
2021-01-03 07:37:42,551 p=4733 u=root n=ansible | web02                      : ok=2    changed=1    unreachable=0    failed=0    skipped=0    rescued=0    ignored=0   
